[debug] [2025-07-07T15:21:54.866Z] ----------------------------------------------------------------------
[debug] [2025-07-07T15:21:54.868Z] Command:       C:\Program Files\nodejs\node.exe C:\Users\shiva\AppData\Roaming\npm\node_modules\firebase-tools\lib\bin\firebase.js deploy --only functions
[debug] [2025-07-07T15:21:54.868Z] CLI Version:   14.9.0
[debug] [2025-07-07T15:21:54.868Z] Platform:      win32
[debug] [2025-07-07T15:21:54.868Z] Node Version:  v22.13.0
[debug] [2025-07-07T15:21:54.869Z] Time:          Mon Jul 07 2025 20:51:54 GMT+0530 (India Standard Time)
[debug] [2025-07-07T15:21:54.869Z] ----------------------------------------------------------------------
[debug] 
[debug] [2025-07-07T15:21:55.027Z] > command requires scopes: ["email","openid","https://www.googleapis.com/auth/cloudplatformprojects.readonly","https://www.googleapis.com/auth/firebase","https://www.googleapis.com/auth/cloud-platform"]
[debug] [2025-07-07T15:21:55.027Z] > authorizing via signed-in user (anandvipul01@gmail.com)
[debug] [2025-07-07T15:21:55.028Z] [iam] checking project presq-caf07 for permissions ["cloudfunctions.functions.create","cloudfunctions.functions.delete","cloudfunctions.functions.get","cloudfunctions.functions.list","cloudfunctions.functions.update","cloudfunctions.operations.get","firebase.projects.get"]
[debug] [2025-07-07T15:21:55.028Z] Checked if tokens are valid: false, expires at: 1751900957038
[debug] [2025-07-07T15:21:55.029Z] Checked if tokens are valid: false, expires at: 1751900957038
[debug] [2025-07-07T15:21:55.029Z] > refreshing access token with scopes: []
[debug] [2025-07-07T15:21:55.030Z] >>> [apiv2][query] POST https://www.googleapis.com/oauth2/v3/token [none]
[debug] [2025-07-07T15:21:55.030Z] >>> [apiv2][body] POST https://www.googleapis.com/oauth2/v3/token [omitted]
[debug] [2025-07-07T15:21:55.251Z] <<< [apiv2][status] POST https://www.googleapis.com/oauth2/v3/token 200
[debug] [2025-07-07T15:21:55.251Z] <<< [apiv2][body] POST https://www.googleapis.com/oauth2/v3/token [omitted]
[debug] [2025-07-07T15:21:55.256Z] >>> [apiv2][query] POST https://cloudresourcemanager.googleapis.com/v1/projects/presq-caf07:testIamPermissions [none]
[debug] [2025-07-07T15:21:55.256Z] >>> [apiv2][(partial)header] POST https://cloudresourcemanager.googleapis.com/v1/projects/presq-caf07:testIamPermissions x-goog-quota-user=projects/presq-caf07
[debug] [2025-07-07T15:21:55.256Z] >>> [apiv2][body] POST https://cloudresourcemanager.googleapis.com/v1/projects/presq-caf07:testIamPermissions {"permissions":["cloudfunctions.functions.create","cloudfunctions.functions.delete","cloudfunctions.functions.get","cloudfunctions.functions.list","cloudfunctions.functions.update","cloudfunctions.operations.get","firebase.projects.get"]}
